<?xml version="1.0" encoding="UTF-8"?>
<!-- Generated by org.testng.reporters.JUnitXMLReporter -->
<testsuite hostname="SasuKe" ignored="0" name="Test" tests="3" failures="1" timestamp="01 Nov 2021 09:19:33 GMT" time="0.05" errors="0">
  <testcase name="doLogin" time="0.009" classname="testcases.TestCase2"/>
  <testcase name="doUserReg" time="0.001" classname="testcases.TestCase2">
    <failure type="java.lang.AssertionError" message="Executing registration test">
      <![CDATA[java.lang.AssertionError: Executing registration test
at testcases.TestCase2.doUserReg(TestCase2.java:21)
... Removed 26 stack frames]]>
    </failure>
  </testcase> <!-- doUserReg -->
  <testcase name="isSkip" time="0.001" classname="testcases.TestCase2">
    <skipped/>
  </testcase> <!-- isSkip -->
</testsuite> <!-- Test -->
